<?xml version="1.0" encoding="UTF-8"?>
<!-- Generated by org.testng.reporters.JUnitReportReporter -->
<testsuite hostname="DESKTOP-KM53ORP" failures="0" tests="1" name="EXTENTREPORT.Program" time="14.111" errors="0" timestamp="2023-12-23T14:43:41 IST" skipped="0">
  <testcase classname="EXTENTREPORT.Program" name="report" time="14.111"/>
  <system-out/>
</testsuite> <!-- EXTENTREPORT.Program -->
