<?xml version="1.0" encoding="UTF-8"?>
<!-- Generated by org.testng.reporters.JUnitReportReporter -->
<testsuite hostname="DESKTOP-KM53ORP" failures="0" tests="1" name="Test_Scripts.RegisterTest" time="3.507" errors="0" timestamp="2023-12-23T13:28:45 IST" skipped="0">
  <testcase classname="Test_Scripts.RegisterTest" name="testCase" time="3.507"/>
  <system-out/>
</testsuite> <!-- Test_Scripts.RegisterTest -->
